Welcome to MAGMA v1.06 (linux)
Using flags:
	--gene-results storage/celltype/2/magma.genes.raw
	--gene-covar /media/sf_SAMSUNG/MAGMA/celltype/Allen_Mouse_LGd_level1_log2RPKM.txt condition=Average onesided=greater
	--out storage/celltype/2/magma_celltype_Allen_Mouse_LGd_level1_log2RPKM

Start time is 16:10:08, Wednesday 06 Jun 2018

Reading file storage/celltype/2/magma.genes.raw... 
	18109 genes read from file
Filtering genes using file /media/sf_SAMSUNG/MAGMA/celltype/Allen_Mouse_LGd_level1_log2RPKM.txt... 
	after filtering, 14757 genes remaining
Loading gene-level covariates...
Reading file /media/sf_SAMSUNG/MAGMA/celltype/Allen_Mouse_LGd_level1_log2RPKM.txt... 
	detected 9 variables in file (using all)
	read gene covariates for 14757 genes in data file
		setting missing values to median
		filtered genes not in file from analysis

Starting gene-level analysis...
	conditioning competitive gene-set analysis and gene covariate analysis on variables:	
		genesize, log_genesize (internal)
		genedensity, log_genedensity (internal)
		inverse_mac, log_inverse_mac (internal)
		Average
	writing gene covariate analysis results to file storage/celltype/2/magma_celltype_Allen_Mouse_LGd_level1_log2RPKM.gcov.out


End time is 16:10:18, Wednesday 06 Jun 2018 (elapsed: 00:00:10)
